# Server version 0.08 running on 142.157.146.242:8123
# Game ID: 3
# Board class: pentago_swap.PentagoBoard
# Timeout: 2000
# First Move Timeout: 30000
# Date: Sat Apr 06 17:40:11 EDT 2019
# Player 1: Player-0, 'Human', running on 142.157.146.242
# Player 2: Player-1, 'RandomPlayer', running on 142.157.146.242
START Player-0 Human
START Player-1 RandomPlayer
0 0 TL BR 0
0 1 TR BR 1
2 2 TL BL 0
3 2 TL TR 1
3 3 TR BR 0
1 5 BL BR 1
4 4 BR TL 0
4 0 TL BL 1
3 0 BL TL 0
5 4 BL BR 1
4 1 BL BR 0
GAMEOVER WINNER 0
# Game ended: Sat Apr 06 17:41:53 EDT 2019
